[LOG] System::create                           : Header version = 2.01.07. Current version = 2.01.07.
[LOG] Manager::init                            : maxchannels = 256 studioflags = 00000006 flags 00000000 extradriverdata 0000000000000000.
[LOG] SystemI::init                            : Initialize version=20107 (113487), maxchannels=256, flags=0x00020000
[LOG] SystemI::setOutputInternal               : Setting output to 'FMOD WASAPI Output'
[LOG] OutputWASAPI::init                       : Mix Format (WAVEFORMATEX): wFormatTag=0xFFFE, nChannels=2, nSamplesPerSec=44100, nAvgBytesPerSec=352800, nBlockAlign=8, wBitsPerSample=32, cbSize=22.
[LOG] OutputWASAPI::init                       : Mix Format (WAVEFORMATEXTENSIBLE): wValidBitsPerSample=32, dwChannelMask=0x00000003, SubFormat=00000003-0000-0010-8000-00AA00389B71.
[LOG] OutputWASAPI::init                       : Output buffer size: 3760 samples, latency: 0.00ms, period: 10.00ms, DSP buffer: 1024 * 4
[LOG] SystemI::init                            : Output requires a sample rate of 44100Hz, resampling will occur.
[LOG] Thread::initThread                       : Init FMOD stream thread. Affinity: 0x8000000000000003, Priority: 0xFFFF7FFB, Stack Size: 98304, Semaphore: No, Sleep Time: 10, Looping: Yes.
[LOG] Thread::initThread                       : Init FMOD mixer thread. Affinity: 0x8000000000000001, Priority: 0xFFFF7FFA, Stack Size: 81920, Semaphore: No, Sleep Time: 0, Looping: Yes.
[LOG] AsyncManager::init                       : manager 00000149B4C72618 isAsync 0 updatePeriod 0.02
[LOG] AsyncManager::init                       : done
[LOG] PlaybackSystem::init                     : 
[LOG] Thread::initThread                       : Init FMOD Studio sample load thread. Affinity: 0x8000000000000003, Priority: 0xFFFF7FFD, Stack Size: 98304, Semaphore: No, Sleep Time: 1, Looping: No.
[LOG] PlaybackSystem::init                     : done
[LOG] Thread::initThread                       : Init FMOD Studio bank load thread. Affinity: 0x8000000000000003, Priority: 0xFFFF7FFD, Stack Size: 98304, Semaphore: No, Sleep Time: 1, Looping: No.
[LOG] Manager::init                            : done.
[LOG] SystemI::createSoundInternal             : Create name='', mode=0x02000202
[LOG] SystemI::createSoundInternal             : exinfo->cbsize             = 224
[LOG] SystemI::createSoundInternal             : exinfo->length             = 777856
[LOG] SystemI::createSoundInternal             : exinfo->fileoffset         = 20000
[LOG] SystemI::createSoundInternal             : exinfo->numsubsounds       = 1
[LOG] SystemI::createSoundInternal             : exinfo->inclusionlist      = 00000011FA59F538
[LOG] SystemI::createSoundInternal             : exinfo->inclusionlistnum   = 1
[LOG] SystemI::createSoundInternal             : exinfo->suggestedsoundtype = 5
[LOG] SystemI::createSoundInternal             : exinfo->useropen           = 00007FFEE1BA7B10
[LOG] SystemI::createSoundInternal             : exinfo->userclose          = 00007FFEE1BA7AE0
[LOG] SystemI::createSoundInternal             : exinfo->userread           = 00007FFEE1BA7BE0
[LOG] SystemI::createSoundInternal             : exinfo->userseek           = 00007FFEE1BA7CA0
[LOG] SystemI::createSoundInternal             : exinfo->fileuserdata       = 0000014A2EC118E8
[LOG] SystemI::createSoundInternal             : exinfo->initialseekpostype = 1
[LOG] SystemI::DSPCodecPoolRegister            : register codec pool for pool type 5
[LOG] SystemI::createSoundInternal             : Sample 0/1: name='splash3', format=5, channels=2, frequency=48000, lengthbytes=8224, lengthpcm=30037, pcmblocksize=0, loopstart=0, loopend=0, mode=0x00000000, channelmask=0x00000000, channelorder=0, peakvolume=0.362097.
[LOG] SystemI::createSoundInternal             : Create name='', mode=0x02000202
[LOG] SystemI::createSoundInternal             : exinfo->cbsize             = 224
[LOG] SystemI::createSoundInternal             : exinfo->length             = 777856
[LOG] SystemI::createSoundInternal             : exinfo->fileoffset         = 20000
[LOG] SystemI::createSoundInternal             : exinfo->numsubsounds       = 1
[LOG] SystemI::createSoundInternal             : exinfo->inclusionlist      = 00000011FA59F538
[LOG] SystemI::createSoundInternal             : exinfo->inclusionlistnum   = 1
[LOG] SystemI::createSoundInternal             : exinfo->suggestedsoundtype = 5
[LOG] SystemI::createSoundInternal             : exinfo->useropen           = 00007FFEE1BA7B10
[LOG] SystemI::createSoundInternal             : exinfo->userclose          = 00007FFEE1BA7AE0
[LOG] SystemI::createSoundInternal             : exinfo->userread           = 00007FFEE1BA7BE0
[LOG] SystemI::createSoundInternal             : exinfo->userseek           = 00007FFEE1BA7CA0
[LOG] SystemI::createSoundInternal             : exinfo->fileuserdata       = 0000014A2EC118E8
[LOG] SystemI::createSoundInternal             : exinfo->initialseekpostype = 1
[LOG] SystemI::DSPCodecPoolRegister            : register codec pool for pool type 5
[LOG] SystemI::createSoundInternal             : Sample 0/1: name='splash2', format=5, channels=2, frequency=48000, lengthbytes=7680, lengthpcm=27300, pcmblocksize=0, loopstart=0, loopend=0, mode=0x00000000, channelmask=0x00000000, channelorder=0, peakvolume=0.179767.
[LOG] SystemI::createSoundInternal             : Create name='', mode=0x02000202
[LOG] SystemI::createSoundInternal             : exinfo->cbsize             = 224
[LOG] SystemI::createSoundInternal             : exinfo->length             = 777856
[LOG] SystemI::createSoundInternal             : exinfo->fileoffset         = 20000
[LOG] SystemI::createSoundInternal             : exinfo->numsubsounds       = 1
[LOG] SystemI::createSoundInternal             : exinfo->inclusionlist      = 00000011FA59F538
[LOG] SystemI::createSoundInternal             : exinfo->inclusionlistnum   = 1
[LOG] SystemI::createSoundInternal             : exinfo->suggestedsoundtype = 5
[LOG] SystemI::createSoundInternal             : exinfo->useropen           = 00007FFEE1BA7B10
[LOG] SystemI::createSoundInternal             : exinfo->userclose          = 00007FFEE1BA7AE0
[LOG] SystemI::createSoundInternal             : exinfo->userread           = 00007FFEE1BA7BE0
[LOG] SystemI::createSoundInternal             : exinfo->userseek           = 00007FFEE1BA7CA0
[LOG] SystemI::createSoundInternal             : exinfo->fileuserdata       = 0000014A2EC118E8
[LOG] SystemI::createSoundInternal             : exinfo->initialseekpostype = 1
[LOG] SystemI::DSPCodecPoolRegister            : register codec pool for pool type 5
[LOG] SystemI::createSoundInternal             : Sample 0/1: name='splash1', format=5, channels=2, frequency=48000, lengthbytes=5504, lengthpcm=21442, pcmblocksize=0, loopstart=0, loopend=0, mode=0x00000000, channelmask=0x00000000, channelorder=0, peakvolume=0.287771.
[LOG] SystemI::createSoundInternal             : Create name='', mode=0x02000202
[LOG] SystemI::createSoundInternal             : exinfo->cbsize             = 224
[LOG] SystemI::createSoundInternal             : exinfo->length             = 777856
[LOG] SystemI::createSoundInternal             : exinfo->fileoffset         = 20000
[LOG] SystemI::createSoundInternal             : exinfo->numsubsounds       = 1
[LOG] SystemI::createSoundInternal             : exinfo->inclusionlist      = 00000011FA59F538
[LOG] SystemI::createSoundInternal             : exinfo->inclusionlistnum   = 1
[LOG] SystemI::createSoundInternal             : exinfo->suggestedsoundtype = 5
[LOG] SystemI::createSoundInternal             : exinfo->useropen           = 00007FFEE1BA7B10
[LOG] SystemI::createSoundInternal             : exinfo->userclose          = 00007FFEE1BA7AE0
[LOG] SystemI::createSoundInternal             : exinfo->userread           = 00007FFEE1BA7BE0
[LOG] SystemI::createSoundInternal             : exinfo->userseek           = 00007FFEE1BA7CA0
[LOG] SystemI::createSoundInternal             : exinfo->fileuserdata       = 0000014A2EC118E8
[LOG] SystemI::createSoundInternal             : exinfo->initialseekpostype = 1
[LOG] SystemI::DSPCodecPoolRegister            : register codec pool for pool type 5
[LOG] SystemI::createSoundInternal             : Sample 0/1: name='step1', format=5, channels=2, frequency=48000, lengthbytes=3648, lengthpcm=14361, pcmblocksize=0, loopstart=0, loopend=0, mode=0x00000000, channelmask=0x00000000, channelorder=0, peakvolume=0.019430.
[LOG] SystemI::createSoundInternal             : Create name='', mode=0x02000202
[LOG] SystemI::createSoundInternal             : exinfo->cbsize             = 224
[LOG] SystemI::createSoundInternal             : exinfo->length             = 777856
[LOG] SystemI::createSoundInternal             : exinfo->fileoffset         = 20000
[LOG] SystemI::createSoundInternal             : exinfo->numsubsounds       = 1
[LOG] SystemI::createSoundInternal             : exinfo->inclusionlist      = 00000011FA59F538
[LOG] SystemI::createSoundInternal             : exinfo->inclusionlistnum   = 1
[LOG] SystemI::createSoundInternal             : exinfo->suggestedsoundtype = 5
[LOG] SystemI::createSoundInternal             : exinfo->useropen           = 00007FFEE1BA7B10
[LOG] SystemI::createSoundInternal             : exinfo->userclose          = 00007FFEE1BA7AE0
[LOG] SystemI::createSoundInternal             : exinfo->userread           = 00007FFEE1BA7BE0
[LOG] SystemI::createSoundInternal             : exinfo->userseek           = 00007FFEE1BA7CA0
[LOG] SystemI::createSoundInternal             : exinfo->fileuserdata       = 0000014A2EC118E8
[LOG] SystemI::createSoundInternal             : exinfo->initialseekpostype = 1
[LOG] SystemI::DSPCodecPoolRegister            : register codec pool for pool type 5
[LOG] SystemI::createSoundInternal             : Sample 0/1: name='step3', format=5, channels=2, frequency=48000, lengthbytes=3584, lengthpcm=13558, pcmblocksize=0, loopstart=0, loopend=0, mode=0x00000000, channelmask=0x00000000, channelorder=0, peakvolume=0.098677.
[LOG] SystemI::createSoundInternal             : Create name='', mode=0x02000202
[LOG] SystemI::createSoundInternal             : exinfo->cbsize             = 224
[LOG] SystemI::createSoundInternal             : exinfo->length             = 777856
[LOG] SystemI::createSoundInternal             : exinfo->fileoffset         = 20000
[LOG] SystemI::createSoundInternal             : exinfo->numsubsounds       = 1
[LOG] SystemI::createSoundInternal             : exinfo->inclusionlist      = 00000011FA59F538
[LOG] SystemI::createSoundInternal             : exinfo->inclusionlistnum   = 1
[LOG] SystemI::createSoundInternal             : exinfo->suggestedsoundtype = 5
[LOG] SystemI::createSoundInternal             : exinfo->useropen           = 00007FFEE1BA7B10
[LOG] SystemI::createSoundInternal             : exinfo->userclose          = 00007FFEE1BA7AE0
[LOG] SystemI::createSoundInternal             : exinfo->userread           = 00007FFEE1BA7BE0
[LOG] SystemI::createSoundInternal             : exinfo->userseek           = 00007FFEE1BA7CA0
[LOG] SystemI::createSoundInternal             : exinfo->fileuserdata       = 0000014A2EC118E8
[LOG] SystemI::createSoundInternal             : exinfo->initialseekpostype = 1
[LOG] SystemI::DSPCodecPoolRegister            : register codec pool for pool type 5
[LOG] SystemI::createSoundInternal             : Sample 0/1: name='step2', format=5, channels=2, frequency=48000, lengthbytes=3424, lengthpcm=12755, pcmblocksize=0, loopstart=0, loopend=0, mode=0x00000000, channelmask=0x00000000, channelorder=0, peakvolume=0.081909.
[LOG] SystemI::createSoundInternal             : Create name='', mode=0x02000202
[LOG] SystemI::createSoundInternal             : exinfo->cbsize             = 224
[LOG] SystemI::createSoundInternal             : exinfo->length             = 777856
[LOG] SystemI::createSoundInternal             : exinfo->fileoffset         = 20000
[LOG] SystemI::createSoundInternal             : exinfo->numsubsounds       = 1
[LOG] SystemI::createSoundInternal             : exinfo->inclusionlist      = 00000011FA59F538
[LOG] SystemI::createSoundInternal             : exinfo->inclusionlistnum   = 1
[LOG] SystemI::createSoundInternal             : exinfo->suggestedsoundtype = 5
[LOG] SystemI::createSoundInternal             : exinfo->useropen           = 00007FFEE1BA7B10
[LOG] SystemI::createSoundInternal             : exinfo->userclose          = 00007FFEE1BA7AE0
[LOG] SystemI::createSoundInternal             : exinfo->userread           = 00007FFEE1BA7BE0
[LOG] SystemI::createSoundInternal             : exinfo->userseek           = 00007FFEE1BA7CA0
[LOG] SystemI::createSoundInternal             : exinfo->fileuserdata       = 0000014A2EC118E8
[LOG] SystemI::createSoundInternal             : exinfo->initialseekpostype = 1
[LOG] SystemI::DSPCodecPoolRegister            : register codec pool for pool type 5
[LOG] SystemI::createSoundInternal             : Sample 0/1: name='step4', format=5, channels=2, frequency=48000, lengthbytes=5408, lengthpcm=21912, pcmblocksize=0, loopstart=0, loopend=0, mode=0x00000000, channelmask=0x00000000, channelorder=0, peakvolume=0.097731.
[LOG] SystemI::createSoundInternal             : Create name='', mode=0x02000202
[LOG] SystemI::createSoundInternal             : exinfo->cbsize             = 224
[LOG] SystemI::createSoundInternal             : exinfo->length             = 777856
[LOG] SystemI::createSoundInternal             : exinfo->fileoffset         = 20000
[LOG] SystemI::createSoundInternal             : exinfo->numsubsounds       = 1
[LOG] SystemI::createSoundInternal             : exinfo->inclusionlist      = 00000011FA59F538
[LOG] SystemI::createSoundInternal             : exinfo->inclusionlistnum   = 1
[LOG] SystemI::createSoundInternal             : exinfo->suggestedsoundtype = 5
[LOG] SystemI::createSoundInternal             : exinfo->useropen           = 00007FFEE1BA7B10
[LOG] SystemI::createSoundInternal             : exinfo->userclose          = 00007FFEE1BA7AE0
[LOG] SystemI::createSoundInternal             : exinfo->userread           = 00007FFEE1BA7BE0
[LOG] SystemI::createSoundInternal             : exinfo->userseek           = 00007FFEE1BA7CA0
[LOG] SystemI::createSoundInternal             : exinfo->fileuserdata       = 0000014A373208F8
[LOG] SystemI::createSoundInternal             : exinfo->initialseekpostype = 1
[LOG] SystemI::DSPCodecPoolRegister            : register codec pool for pool type 5
[LOG] SystemI::createSoundInternal             : Sample 0/1: name='woof1', format=5, channels=2, frequency=48000, lengthbytes=9504, lengthpcm=34821, pcmblocksize=0, loopstart=0, loopend=0, mode=0x00000000, channelmask=0x00000000, channelorder=0, peakvolume=0.780445.
[LOG] SystemI::createSoundInternal             : Create name='', mode=0x02000202
[LOG] SystemI::createSoundInternal             : exinfo->cbsize             = 224
[LOG] SystemI::createSoundInternal             : exinfo->length             = 777856
[LOG] SystemI::createSoundInternal             : exinfo->fileoffset         = 20000
[LOG] SystemI::createSoundInternal             : exinfo->numsubsounds       = 1
[LOG] SystemI::createSoundInternal             : exinfo->inclusionlist      = 00000011FA59F538
[LOG] SystemI::createSoundInternal             : exinfo->inclusionlistnum   = 1
[LOG] SystemI::createSoundInternal             : exinfo->suggestedsoundtype = 5
[LOG] SystemI::createSoundInternal             : exinfo->useropen           = 00007FFEE1BA7B10
[LOG] SystemI::createSoundInternal             : exinfo->userclose          = 00007FFEE1BA7AE0
[LOG] SystemI::createSoundInternal             : exinfo->userread           = 00007FFEE1BA7BE0
[LOG] SystemI::createSoundInternal             : exinfo->userseek           = 00007FFEE1BA7CA0
[LOG] SystemI::createSoundInternal             : exinfo->fileuserdata       = 0000014A373208F8
[LOG] SystemI::createSoundInternal             : exinfo->initialseekpostype = 1
[LOG] SystemI::DSPCodecPoolRegister            : register codec pool for pool type 5
[LOG] SystemI::createSoundInternal             : Sample 0/1: name='woof3', format=5, channels=2, frequency=48000, lengthbytes=9248, lengthpcm=33536, pcmblocksize=0, loopstart=0, loopend=0, mode=0x00000000, channelmask=0x00000000, channelorder=0, peakvolume=0.618195.
[LOG] SystemI::createSoundInternal             : Create name='', mode=0x02000202
[LOG] SystemI::createSoundInternal             : exinfo->cbsize             = 224
[LOG] SystemI::createSoundInternal             : exinfo->length             = 777856
[LOG] SystemI::createSoundInternal             : exinfo->fileoffset         = 20000
[LOG] SystemI::createSoundInternal             : exinfo->numsubsounds       = 1
[LOG] SystemI::createSoundInternal             : exinfo->inclusionlist      = 00000011FA59F538
[LOG] SystemI::createSoundInternal             : exinfo->inclusionlistnum   = 1
[LOG] SystemI::createSoundInternal             : exinfo->suggestedsoundtype = 5
[LOG] SystemI::createSoundInternal             : exinfo->useropen           = 00007FFEE1BA7B10
[LOG] SystemI::createSoundInternal             : exinfo->userclose          = 00007FFEE1BA7AE0
[LOG] SystemI::createSoundInternal             : exinfo->userread           = 00007FFEE1BA7BE0
[LOG] SystemI::createSoundInternal             : exinfo->userseek           = 00007FFEE1BA7CA0
[LOG] SystemI::createSoundInternal             : exinfo->fileuserdata       = 0000014A373208F8
[LOG] SystemI::createSoundInternal             : exinfo->initialseekpostype = 1
[LOG] SystemI::DSPCodecPoolRegister            : register codec pool for pool type 5
[LOG] SystemI::createSoundInternal             : Sample 0/1: name='woof5', format=5, channels=2, frequency=48000, lengthbytes=10208, lengthpcm=39186, pcmblocksize=0, loopstart=0, loopend=0, mode=0x00000000, channelmask=0x00000000, channelorder=0, peakvolume=0.775828.
[LOG] SystemI::createSoundInternal             : Create name='', mode=0x02000202
[LOG] SystemI::createSoundInternal             : exinfo->cbsize             = 224
[LOG] SystemI::createSoundInternal             : exinfo->length             = 777856
[LOG] SystemI::createSoundInternal             : exinfo->fileoffset         = 20000
[LOG] SystemI::createSoundInternal             : exinfo->numsubsounds       = 1
[LOG] SystemI::createSoundInternal             : exinfo->inclusionlist      = 00000011FA59F538
[LOG] SystemI::createSoundInternal             : exinfo->inclusionlistnum   = 1
[LOG] SystemI::createSoundInternal             : exinfo->suggestedsoundtype = 5
[LOG] SystemI::createSoundInternal             : exinfo->useropen           = 00007FFEE1BA7B10
[LOG] SystemI::createSoundInternal             : exinfo->userclose          = 00007FFEE1BA7AE0
[LOG] SystemI::createSoundInternal             : exinfo->userread           = 00007FFEE1BA7BE0
[LOG] SystemI::createSoundInternal             : exinfo->userseek           = 00007FFEE1BA7CA0
[LOG] SystemI::createSoundInternal             : exinfo->fileuserdata       = 0000014A373208F8
[LOG] SystemI::createSoundInternal             : exinfo->initialseekpostype = 1
[LOG] SystemI::DSPCodecPoolRegister            : register codec pool for pool type 5
[LOG] SystemI::createSoundInternal             : Sample 0/1: name='woof2', format=5, channels=2, frequency=48000, lengthbytes=8672, lengthpcm=31467, pcmblocksize=0, loopstart=0, loopend=0, mode=0x00000000, channelmask=0x00000000, channelorder=0, peakvolume=0.775390.
[LOG] SystemI::createSoundInternal             : Create name='', mode=0x02000202
[LOG] SystemI::createSoundInternal             : exinfo->cbsize             = 224
[LOG] SystemI::createSoundInternal             : exinfo->length             = 777856
[LOG] SystemI::createSoundInternal             : exinfo->fileoffset         = 20000
[LOG] SystemI::createSoundInternal             : exinfo->numsubsounds       = 1
[LOG] SystemI::createSoundInternal             : exinfo->inclusionlist      = 00000011FA59F538
[LOG] SystemI::createSoundInternal             : exinfo->inclusionlistnum   = 1
[LOG] SystemI::createSoundInternal             : exinfo->suggestedsoundtype = 5
[LOG] SystemI::createSoundInternal             : exinfo->useropen           = 00007FFEE1BA7B10
[LOG] SystemI::createSoundInternal             : exinfo->userclose          = 00007FFEE1BA7AE0
[LOG] SystemI::createSoundInternal             : exinfo->userread           = 00007FFEE1BA7BE0
[LOG] SystemI::createSoundInternal             : exinfo->userseek           = 00007FFEE1BA7CA0
[LOG] SystemI::createSoundInternal             : exinfo->fileuserdata       = 0000014A373208F8
[LOG] SystemI::createSoundInternal             : exinfo->initialseekpostype = 1
[LOG] SystemI::DSPCodecPoolRegister            : register codec pool for pool type 5
[LOG] SystemI::createSoundInternal             : Sample 0/1: name='woof4', format=5, channels=2, frequency=48000, lengthbytes=10208, lengthpcm=38452, pcmblocksize=0, loopstart=0, loopend=0, mode=0x00000000, channelmask=0x00000000, channelorder=0, peakvolume=0.730419.
[LOG] SystemI::createSoundInternal             : Create name='', mode=0x02000202
[LOG] SystemI::createSoundInternal             : exinfo->cbsize             = 224
[LOG] SystemI::createSoundInternal             : exinfo->length             = 777856
[LOG] SystemI::createSoundInternal             : exinfo->fileoffset         = 20000
[LOG] SystemI::createSoundInternal             : exinfo->numsubsounds       = 1
[LOG] SystemI::createSoundInternal             : exinfo->inclusionlist      = 00000011FA59F538
[LOG] SystemI::createSoundInternal             : exinfo->inclusionlistnum   = 1
[LOG] SystemI::createSoundInternal             : exinfo->suggestedsoundtype = 5
[LOG] SystemI::createSoundInternal             : exinfo->useropen           = 00007FFEE1BA7B10
[LOG] SystemI::createSoundInternal             : exinfo->userclose          = 00007FFEE1BA7AE0
[LOG] SystemI::createSoundInternal             : exinfo->userread           = 00007FFEE1BA7BE0
[LOG] SystemI::createSoundInternal             : exinfo->userseek           = 00007FFEE1BA7CA0
[LOG] SystemI::createSoundInternal             : exinfo->fileuserdata       = 0000014A373200B8
[LOG] SystemI::createSoundInternal             : exinfo->initialseekpostype = 1
[LOG] SystemI::DSPCodecPoolRegister            : register codec pool for pool type 5
[LOG] SystemI::createSoundInternal             : Sample 0/1: name='score', format=5, channels=2, frequency=48000, lengthbytes=35104, lengthpcm=158049, pcmblocksize=0, loopstart=0, loopend=0, mode=0x00000000, channelmask=0x00000000, channelorder=0, peakvolume=1.000000.
[LOG] SystemI::createSoundInternal             : Create name='', mode=0x02000202
[LOG] SystemI::createSoundInternal             : exinfo->cbsize             = 224
[LOG] SystemI::createSoundInternal             : exinfo->length             = 777856
[LOG] SystemI::createSoundInternal             : exinfo->fileoffset         = 20000
[LOG] SystemI::createSoundInternal             : exinfo->numsubsounds       = 1
[LOG] SystemI::createSoundInternal             : exinfo->inclusionlist      = 00000011FA59F538
[LOG] SystemI::createSoundInternal             : exinfo->inclusionlistnum   = 1
[LOG] SystemI::createSoundInternal             : exinfo->suggestedsoundtype = 5
[LOG] SystemI::createSoundInternal             : exinfo->useropen           = 00007FFEE1BA7B10
[LOG] SystemI::createSoundInternal             : exinfo->userclose          = 00007FFEE1BA7AE0
[LOG] SystemI::createSoundInternal             : exinfo->userread           = 00007FFEE1BA7BE0
[LOG] SystemI::createSoundInternal             : exinfo->userseek           = 00007FFEE1BA7CA0
[LOG] SystemI::createSoundInternal             : exinfo->fileuserdata       = 0000014A2F0D7028
[LOG] SystemI::createSoundInternal             : exinfo->initialseekpostype = 1
[LOG] SystemI::DSPCodecPoolRegister            : register codec pool for pool type 5
[LOG] SystemI::createSoundInternal             : Sample 0/1: name='jump1', format=5, channels=2, frequency=48000, lengthbytes=3168, lengthpcm=14144, pcmblocksize=0, loopstart=0, loopend=0, mode=0x00000000, channelmask=0x00000000, channelorder=0, peakvolume=0.091661.
[LOG] SystemI::createSoundInternal             : Create name='', mode=0x02000202
[LOG] SystemI::createSoundInternal             : exinfo->cbsize             = 224
[LOG] SystemI::createSoundInternal             : exinfo->length             = 777856
[LOG] SystemI::createSoundInternal             : exinfo->fileoffset         = 20000
[LOG] SystemI::createSoundInternal             : exinfo->numsubsounds       = 1
[LOG] SystemI::createSoundInternal             : exinfo->inclusionlist      = 00000011FA59F538
[LOG] SystemI::createSoundInternal             : exinfo->inclusionlistnum   = 1
[LOG] SystemI::createSoundInternal             : exinfo->suggestedsoundtype = 5
[LOG] SystemI::createSoundInternal             : exinfo->useropen           = 00007FFEE1BA7B10
[LOG] SystemI::createSoundInternal             : exinfo->userclose          = 00007FFEE1BA7AE0
[LOG] SystemI::createSoundInternal             : exinfo->userread           = 00007FFEE1BA7BE0
[LOG] SystemI::createSoundInternal             : exinfo->userseek           = 00007FFEE1BA7CA0
[LOG] SystemI::createSoundInternal             : exinfo->fileuserdata       = 0000014A2F0D7028
[LOG] SystemI::createSoundInternal             : exinfo->initialseekpostype = 1
[LOG] SystemI::DSPCodecPoolRegister            : register codec pool for pool type 5
[LOG] SystemI::createSoundInternal             : Sample 0/1: name='landing1', format=5, channels=2, frequency=48000, lengthbytes=5920, lengthpcm=28945, pcmblocksize=0, loopstart=0, loopend=0, mode=0x00000000, channelmask=0x00000000, channelorder=0, peakvolume=0.248688.
[LOG] Manager::readBank                        : fileversion = 135, compatVersion = 132 (oldest = 44, newest = 135)
[LOG] PlaybackSystem::acquireMasterBus         : Setting master channel group format to 6
[LOG] SystemI::createSoundInternal             : Create name='', mode=0x02000202
[LOG] SystemI::createSoundInternal             : exinfo->cbsize             = 224
[LOG] SystemI::createSoundInternal             : exinfo->length             = 777856
[LOG] SystemI::createSoundInternal             : exinfo->fileoffset         = 20000
[LOG] SystemI::createSoundInternal             : exinfo->numsubsounds       = 1
[LOG] SystemI::createSoundInternal             : exinfo->inclusionlist      = 00000011FA99F128
[LOG] SystemI::createSoundInternal             : exinfo->inclusionlistnum   = 1
[LOG] SystemI::createSoundInternal             : exinfo->suggestedsoundtype = 5
[LOG] SystemI::createSoundInternal             : exinfo->useropen           = 00007FFEE1BA7B10
[LOG] SystemI::createSoundInternal             : exinfo->userclose          = 00007FFEE1BA7AE0
[LOG] SystemI::createSoundInternal             : exinfo->userread           = 00007FFEE1BA7BE0
[LOG] SystemI::createSoundInternal             : exinfo->userseek           = 00007FFEE1BA7CA0
[LOG] SystemI::createSoundInternal             : exinfo->fileuserdata       = 00000149B40DA888
[LOG] SystemI::createSoundInternal             : exinfo->initialseekpostype = 1
[LOG] SystemI::DSPCodecPoolRegister            : register codec pool for pool type 5
[LOG] SystemI::createSoundInternal             : Sample 0/1: name='jump1', format=5, channels=2, frequency=48000, lengthbytes=3168, lengthpcm=14144, pcmblocksize=0, loopstart=0, loopend=0, mode=0x00000000, channelmask=0x00000000, channelorder=0, peakvolume=0.091661.
[LOG] SoundI::release                          :  (00000149BD92ED78)
[LOG] SoundI::release                          :     jump1 (00000149BBFF48D8)
[LOG] Manager::readBank                        : fileversion = 135, compatVersion = 132 (oldest = 44, newest = 135)
[LOG] PlaybackSystem::acquireMasterBus         : Setting master channel group format to 6
[LOG] SystemI::createSoundInternal             : Create name='', mode=0x02000202
[LOG] SystemI::createSoundInternal             : exinfo->cbsize             = 224
[LOG] SystemI::createSoundInternal             : exinfo->length             = 777856
[LOG] SystemI::createSoundInternal             : exinfo->fileoffset         = 20000
[LOG] SystemI::createSoundInternal             : exinfo->numsubsounds       = 1
[LOG] SystemI::createSoundInternal             : exinfo->inclusionlist      = 00000011FA99F128
[LOG] SystemI::createSoundInternal             : exinfo->inclusionlistnum   = 1
[LOG] SystemI::createSoundInternal             : exinfo->suggestedsoundtype = 5
[LOG] SystemI::createSoundInternal             : exinfo->useropen           = 00007FFEE1BA7B10
[LOG] SystemI::createSoundInternal             : exinfo->userclose          = 00007FFEE1BA7AE0
[LOG] SystemI::createSoundInternal             : exinfo->userread           = 00007FFEE1BA7BE0
[LOG] SystemI::createSoundInternal             : exinfo->userseek           = 00007FFEE1BA7CA0
[LOG] SystemI::createSoundInternal             : exinfo->fileuserdata       = 00000149B40D70D8
[LOG] SystemI::createSoundInternal             : exinfo->initialseekpostype = 1
[LOG] SystemI::DSPCodecPoolRegister            : register codec pool for pool type 5
[LOG] SystemI::createSoundInternal             : Sample 0/1: name='landing1', format=5, channels=2, frequency=48000, lengthbytes=5920, lengthpcm=28945, pcmblocksize=0, loopstart=0, loopend=0, mode=0x00000000, channelmask=0x00000000, channelorder=0, peakvolume=0.248688.
[LOG] SoundI::release                          :  (00000149BD92D678)
[LOG] SoundI::release                          :     landing1 (00000149BBFF6AF8)
[LOG] Manager::readBank                        : fileversion = 135, compatVersion = 132 (oldest = 44, newest = 135)
[LOG] PlaybackSystem::acquireMasterBus         : Setting master channel group format to 6
[LOG] SystemI::createSoundInternal             : Create name='', mode=0x02000202
[LOG] SystemI::createSoundInternal             : exinfo->cbsize             = 224
[LOG] SystemI::createSoundInternal             : exinfo->length             = 777856
[LOG] SystemI::createSoundInternal             : exinfo->fileoffset         = 20000
[LOG] SystemI::createSoundInternal             : exinfo->numsubsounds       = 1
[LOG] SystemI::createSoundInternal             : exinfo->inclusionlist      = 00000011FA99F128
[LOG] SystemI::createSoundInternal             : exinfo->inclusionlistnum   = 1
[LOG] SystemI::createSoundInternal             : exinfo->suggestedsoundtype = 5
[LOG] SystemI::createSoundInternal             : exinfo->useropen           = 00007FFEE1BA7B10
[LOG] SystemI::createSoundInternal             : exinfo->userclose          = 00007FFEE1BA7AE0
[LOG] SystemI::createSoundInternal             : exinfo->userread           = 00007FFEE1BA7BE0
[LOG] SystemI::createSoundInternal             : exinfo->userseek           = 00007FFEE1BA7CA0
[LOG] SystemI::createSoundInternal             : exinfo->fileuserdata       = 00000149B40D8368
[LOG] SystemI::createSoundInternal             : exinfo->initialseekpostype = 1
[LOG] SystemI::DSPCodecPoolRegister            : register codec pool for pool type 5
[LOG] SystemI::createSoundInternal             : Sample 0/1: name='jump1', format=5, channels=2, frequency=48000, lengthbytes=3168, lengthpcm=14144, pcmblocksize=0, loopstart=0, loopend=0, mode=0x00000000, channelmask=0x00000000, channelorder=0, peakvolume=0.091661.
[LOG] SoundI::release                          :  (00000149BD92C818)
[LOG] SoundI::release                          :     jump1 (00000149BBFF6AF8)
[LOG] Manager::readBank                        : fileversion = 135, compatVersion = 132 (oldest = 44, newest = 135)
[LOG] PlaybackSystem::acquireMasterBus         : Setting master channel group format to 6
[LOG] SystemI::createSoundInternal             : Create name='', mode=0x02000202
[LOG] SystemI::createSoundInternal             : exinfo->cbsize             = 224
[LOG] SystemI::createSoundInternal             : exinfo->length             = 777856
[LOG] SystemI::createSoundInternal             : exinfo->fileoffset         = 20000
[LOG] SystemI::createSoundInternal             : exinfo->numsubsounds       = 1
[LOG] SystemI::createSoundInternal             : exinfo->inclusionlist      = 00000011FA99F128
[LOG] SystemI::createSoundInternal             : exinfo->inclusionlistnum   = 1
[LOG] SystemI::createSoundInternal             : exinfo->suggestedsoundtype = 5
[LOG] SystemI::createSoundInternal             : exinfo->useropen           = 00007FFEE1BA7B10
[LOG] SystemI::createSoundInternal             : exinfo->userclose          = 00007FFEE1BA7AE0
[LOG] SystemI::createSoundInternal             : exinfo->userread           = 00007FFEE1BA7BE0
[LOG] SystemI::createSoundInternal             : exinfo->userseek           = 00007FFEE1BA7CA0
[LOG] SystemI::createSoundInternal             : exinfo->fileuserdata       = 00000149B40D9C28
[LOG] SystemI::createSoundInternal             : exinfo->initialseekpostype = 1
[LOG] SystemI::DSPCodecPoolRegister            : register codec pool for pool type 5
[LOG] SystemI::createSoundInternal             : Sample 0/1: name='jump1', format=5, channels=2, frequency=48000, lengthbytes=3168, lengthpcm=14144, pcmblocksize=0, loopstart=0, loopend=0, mode=0x00000000, channelmask=0x00000000, channelorder=0, peakvolume=0.091661.
[LOG] SoundI::release                          :  (00000149BD92DDA8)
[LOG] SoundI::release                          :     jump1 (00000149BBFF6AF8)
[LOG] Manager::readBank                        : fileversion = 135, compatVersion = 132 (oldest = 44, newest = 135)
[LOG] PlaybackSystem::acquireMasterBus         : Setting master channel group format to 6
[LOG] SystemI::createSoundInternal             : Create name='', mode=0x02000202
[LOG] SystemI::createSoundInternal             : exinfo->cbsize             = 224
[LOG] SystemI::createSoundInternal             : exinfo->length             = 777856
[LOG] SystemI::createSoundInternal             : exinfo->fileoffset         = 20000
[LOG] SystemI::createSoundInternal             : exinfo->numsubsounds       = 1
[LOG] SystemI::createSoundInternal             : exinfo->inclusionlist      = 00000011FA99F128
[LOG] SystemI::createSoundInternal             : exinfo->inclusionlistnum   = 1
[LOG] SystemI::createSoundInternal             : exinfo->suggestedsoundtype = 5
[LOG] SystemI::createSoundInternal             : exinfo->useropen           = 00007FFEE1BA7B10
[LOG] SystemI::createSoundInternal             : exinfo->userclose          = 00007FFEE1BA7AE0
[LOG] SystemI::createSoundInternal             : exinfo->userread           = 00007FFEE1BA7BE0
[LOG] SystemI::createSoundInternal             : exinfo->userseek           = 00007FFEE1BA7CA0
[LOG] SystemI::createSoundInternal             : exinfo->fileuserdata       = 00000149B40D70D8
[LOG] SystemI::createSoundInternal             : exinfo->initialseekpostype = 1
[LOG] SystemI::DSPCodecPoolRegister            : register codec pool for pool type 5
[LOG] SystemI::createSoundInternal             : Sample 0/1: name='jump1', format=5, channels=2, frequency=48000, lengthbytes=3168, lengthpcm=14144, pcmblocksize=0, loopstart=0, loopend=0, mode=0x00000000, channelmask=0x00000000, channelorder=0, peakvolume=0.091661.
[LOG] SoundI::release                          :  (00000149BD92CF48)
[LOG] SoundI::release                          :     jump1 (00000149BBFF6AF8)
[LOG] SoundI::release                          :  (0000014A2A6412A8)
[LOG] SoundI::release                          :     score (00000149BBFF5918)
[LOG] SoundI::release                          :  (0000014A2A641B48)
[LOG] SoundI::release                          :     woof3 (00000149BBFF5AB8)
[LOG] SoundI::release                          :  (0000014A2A641E28)
[LOG] SoundI::release                          :     woof4 (00000149BBFF7658)
[LOG] SoundI::release                          :  (0000014A2A641F98)
[LOG] SoundI::release                          :     woof5 (00000149BBFF5C58)
[LOG] SoundI::release                          :  (0000014A2A641868)
[LOG] SoundI::release                          :     woof1 (00000149BBFF4738)
[LOG] SoundI::release                          :  (0000014A2A641418)
[LOG] SoundI::release                          :     woof2 (00000149BBFF74B8)
[LOG] SoundI::release                          :  (00000149B324E968)
[LOG] SoundI::release                          :     jump1 (00000149BBFF6618)
[LOG] SoundI::release                          :  (00000149B324EDB8)
[LOG] SoundI::release                          :     landing1 (00000149BBFF55D8)
[LOG] SoundI::release                          :  (00000149BB8C3E98)
[LOG] SoundI::release                          :     splash1 (00000149B02C3888)
[LOG] SoundI::release                          :  (00000149BB8C3D28)
[LOG] SoundI::release                          :     splash2 (00000149B02C4F48)
[LOG] SoundI::release                          :  (00000149BB8C3A48)
[LOG] SoundI::release                          :     splash3 (00000149B02C3BC8)
[LOG] SoundI::release                          :  (00000149BB8C3BB8)
[LOG] SoundI::release                          :     step1 (00000149B02C43E8)
[LOG] SoundI::release                          :  (00000149B4F7D3B8)
[LOG] SoundI::release                          :     step2 (00000149B02C4588)
[LOG] SoundI::release                          :  (00000149BB8C38D8)
[LOG] SoundI::release                          :     step3 (00000149B02C3D68)
[LOG] SoundI::release                          :  (00000149B4F7D248)
[LOG] SoundI::release                          :     step4 (00000149B02C48C8)
[LOG] SoundI::release                          :  (00000149B9EFE398)
[LOG] SoundI::release                          :     ui-woof (00000149B02C4728)
[LOG] Thread::callback                         : FMOD Studio update thread finished.
[LOG] Thread::callback                         : FMOD Studio bank load thread finished.
[LOG] Profile::disconnectAll                   : Profiler disconnecting all clients
[LOG] Thread::callback                         : FMOD Studio sample load thread finished.
[LOG] LiveUpdate::release                      : 
[LOG] LiveUpdate::reset                        : Reset connection (reason Disconnected)
[LOG] Thread::callback                         : FMOD stream thread finished.
[LOG] Thread::callback                         : FMOD mixer thread finished.
[LOG] Profile::disconnectAll                   : Profiler disconnecting all clients
[LOG] SystemI::close                           : Closed.
[LOG] Thread::callback                         : FMOD Studio bank load thread finished.
[LOG] Thread::callback                         : FMOD Studio sample load thread finished.
[LOG] LiveUpdate::release                      : 
[LOG] LiveUpdate::reset                        : Reset connection (reason Disconnected)
[LOG] Thread::callback                         : FMOD stream thread finished.
[LOG] Thread::callback                         : FMOD mixer thread finished.
[LOG] SystemI::close                           : Closed.
